No main thread, did you call SDL_Init?
Backtrace for: #<SB-THREAD:THREAD tid=82523 "editor" RUNNING {10046C9C03}>
0: ((LAMBDA NIL :IN UIOP/IMAGE:PRINT-BACKTRACE))
1: ((FLET "THUNK" :IN UIOP/STREAM:CALL-WITH-SAFE-IO-SYNTAX))
2: (SB-IMPL::%WITH-STANDARD-IO-SYNTAX #<FUNCTION (FLET "THUNK" :IN UIOP/STREAM:CALL-WITH-SAFE-IO-SYNTAX) {7F4B895AC43B}>)
3: (UIOP/STREAM:CALL-WITH-SAFE-IO-SYNTAX #<FUNCTION (LAMBDA NIL :IN UIOP/IMAGE:PRINT-BACKTRACE) {10054FFCCB}> :PACKAGE :CL)
4: (LEM-CORE::BAILOUT #<SIMPLE-ERROR "No main thread, did you call SDL_Init?" {10054FFC63}>)
5: (SB-KERNEL::%SIGNAL #<SIMPLE-ERROR "No main thread, did you call SDL_Init?" {10054FFC63}>)
6: (ERROR "No main thread, did you call SDL_Init?")
7: (LEM-SDL2/DISPLAY::CALL-WITH-RENDERER #<LEM-SDL2/DISPLAY:DISPLAY {1004627DA3}> #<FUNCTION (LAMBDA NIL :IN LEM-INTERFACE:DISPLAY-HEIGHT) {10054FFC2B}>)
8: (LEM-SDL2/LOG::CALL-WITH-DEBUG #<FUNCTION (LAMBDA NIL :IN LEM-INTERFACE:DISPLAY-HEIGHT) {52D837AB}> #<FUNCTION (LAMBDA NIL :IN LEM-INTERFACE:DISPLAY-HEIGHT) {52D8365B}>)
9: (LEM-CORE:POP-UP-TYPEOUT-WINDOW #<LEM-BASE:TEXT-BUFFER *EDITOR ERROR* NIL {100481EB23}> :FUNCTION #<FUNCTION (LAMBDA (STREAM) :IN LEM-CORE:POP-UP-BACKTRACE) {10054E2DFB}> :ERASE T :READ-ONLY T)
10: ((LAMBDA (CONDITION) :IN LEM-CORE:COMMAND-LOOP) #<SIMPLE-ERROR "No main thread, did you call SDL_Init?" {1005430F03}>)
11: (SB-KERNEL::%SIGNAL #<SIMPLE-ERROR "No main thread, did you call SDL_Init?" {1005430F03}>)
12: (ERROR "No main thread, did you call SDL_Init?")
13: (LEM-SDL2/DISPLAY::CALL-WITH-RENDERER #<LEM-SDL2/DISPLAY:DISPLAY {1004627DA3}> #<FUNCTION (LAMBDA NIL :IN LEM-INTERFACE:DELETE-VIEW) {1005430ECB}>)
14: (LEM-SDL2/LOG::CALL-WITH-DEBUG #<FUNCTION (LAMBDA NIL :IN LEM-INTERFACE:DELETE-VIEW) {52D8543B}> #<FUNCTION (LAMBDA NIL :IN LEM-INTERFACE:DELETE-VIEW) {1005430E8B}>)
15: (LEM-CORE:DELETE-WINDOW #<LEM/PROMPT-WINDOW::FLOATING-PROMPT {10045F0713}>)
16: ((FLET "CLEANUP-FUN-15" :IN LEM/PROMPT-WINDOW::PROMPT-FOR-AUX)) [cleanup]
17: (LEM/PROMPT-WINDOW::PROMPT-FOR-AUX :PROMPT-STRING "M-x " :INITIAL-STRING NIL :PARAMETERS #<LEM/PROMPT-WINDOW::PROMPT-PARAMETERS {10045F00E3}> :BODY-FUNCTION #<FUNCTION LEM/PROMPT-WINDOW::PROMPT-FOR-LINE-COMMAND-LOOP> :SYNTAX-TABLE #S(LEM-BASE:SYNTAX-TABLE :SPACE-CHARS (#\  #\Tab #\Newline #\Page) :SYMBOL-CHARS (#\+ #\- #\< #\> #\/ #\* #\& #\= #\. #\? #\_ #\! ...) :PAREN-PAIRS ((#\( . #\)) (#\[ . #\]) (#\{ . #\})) :STRING-QUOTE-CHARS (#\") :ESCAPE-CHARS (#\\) :FENCE-CHARS (#\|) :EXPR-PREFIX-CHARS (#\' #\, #\@ #\# #\`) :EXPR-SUFFIX-CHARS NIL :EXPR-PREFIX-FORWARD-FUNCTION LEM-LISP-SYNTAX.SYNTAX-TABLE::SKIP-EXPR-PREFIX-FORWARD :EXPR-PREFIX-BACKWARD-FUNCTION LEM-LISP-SYNTAX.SYNTAX-TABLE::SKIP-EXPR-PREFIX-BACKWARD :LINE-COMMENT-STRING ";" :BLOCK-COMMENT-PAIRS (("#|" . "|#")) ...) :EDIT-CALLBACK NIL :SPECIAL-KEYMAP NIL)
18: (LEM-CORE/COMMANDS/OTHER:EXECUTE-COMMAND NIL)
19: (LEM-CORE:CALL-COMMAND LEM-CORE/COMMANDS/OTHER:EXECUTE-COMMAND NIL)
20: (LEM-CORE::COMMAND-LOOP-BODY)
21: (LEM-CORE:COMMAND-LOOP)
22: (LEM-CORE::TOPLEVEL-COMMAND-LOOP #<FUNCTION (LAMBDA NIL :IN LEM-CORE::RUN-EDITOR-THREAD) {100518831B}>)
23: ((LAMBDA NIL :IN LEM-CORE::RUN-EDITOR-THREAD))
24: ((LAMBDA NIL :IN LEM-CORE::RUN-EDITOR-THREAD))
25: ((LABELS BORDEAUX-THREADS::%BINDING-DEFAULT-SPECIALS-WRAPPER :IN BORDEAUX-THREADS::BINDING-DEFAULT-SPECIALS))
26: ((FLET SB-UNIX::BODY :IN SB-THREAD::RUN))
27: ((FLET "WITHOUT-INTERRUPTS-BODY-174" :IN SB-THREAD::RUN))
28: ((FLET SB-UNIX::BODY :IN SB-THREAD::RUN))
29: ((FLET "WITHOUT-INTERRUPTS-BODY-167" :IN SB-THREAD::RUN))
30: (SB-THREAD::RUN)
31: ("foreign function: call_into_lisp_")

No main thread, did you call SDL_Init?
Backtrace for: #<SB-THREAD:THREAD tid=83264 "editor" RUNNING {10043C02A3}>
0: ((LAMBDA NIL :IN UIOP/IMAGE:PRINT-BACKTRACE))
1: ((FLET "THUNK" :IN UIOP/STREAM:CALL-WITH-SAFE-IO-SYNTAX))
2: (SB-IMPL::%WITH-STANDARD-IO-SYNTAX #<FUNCTION (FLET "THUNK" :IN UIOP/STREAM:CALL-WITH-SAFE-IO-SYNTAX) {7F57E05A41FB}>)
3: (UIOP/STREAM:CALL-WITH-SAFE-IO-SYNTAX #<FUNCTION (LAMBDA NIL :IN UIOP/IMAGE:PRINT-BACKTRACE) {1006FBE32B}> :PACKAGE :CL)
4: (LEM-CORE::BAILOUT #<SIMPLE-ERROR "No main thread, did you call SDL_Init?" {1006FBE2C3}>)
5: (SB-KERNEL::%SIGNAL #<SIMPLE-ERROR "No main thread, did you call SDL_Init?" {1006FBE2C3}>)
6: (ERROR "No main thread, did you call SDL_Init?")
7: (LEM-SDL2/DISPLAY::CALL-WITH-RENDERER #<LEM-SDL2/DISPLAY:DISPLAY {1004617C73}> #<FUNCTION (LAMBDA NIL :IN LEM-INTERFACE:DISPLAY-HEIGHT) {1006FBE28B}>)
8: (LEM-SDL2/LOG::CALL-WITH-DEBUG #<FUNCTION (LAMBDA NIL :IN LEM-INTERFACE:DISPLAY-HEIGHT) {52D837AB}> #<FUNCTION (LAMBDA NIL :IN LEM-INTERFACE:DISPLAY-HEIGHT) {52D8365B}>)
9: (LEM-CORE:POP-UP-TYPEOUT-WINDOW #<LEM-BASE:TEXT-BUFFER *EDITOR ERROR* NIL {1006F7F9D3}> :FUNCTION #<FUNCTION (LAMBDA (STREAM) :IN LEM-CORE:POP-UP-BACKTRACE) {1006F9E21B}> :ERASE T :READ-ONLY T)
10: ((LAMBDA (CONDITION) :IN LEM-CORE:COMMAND-LOOP) #<SIMPLE-ERROR "No main thread, did you call SDL_Init?" {1006ECD703}>)
11: (SB-KERNEL::%SIGNAL #<SIMPLE-ERROR "No main thread, did you call SDL_Init?" {1006ECD703}>)
12: (ERROR "No main thread, did you call SDL_Init?")
13: (LEM-SDL2/DISPLAY::CALL-WITH-RENDERER #<LEM-SDL2/DISPLAY:DISPLAY {1004617C73}> #<FUNCTION (LAMBDA NIL :IN LEM-INTERFACE:DELETE-VIEW) {1006ECD6CB}>)
14: (LEM-SDL2/LOG::CALL-WITH-DEBUG #<FUNCTION (LAMBDA NIL :IN LEM-INTERFACE:DELETE-VIEW) {52D8543B}> #<FUNCTION (LAMBDA NIL :IN LEM-INTERFACE:DELETE-VIEW) {1006ECD68B}>)
15: (LEM-CORE:DELETE-WINDOW #<LEM/PROMPT-WINDOW::FLOATING-PROMPT {10067BB0D3}>)
16: ((FLET "CLEANUP-FUN-15" :IN LEM/PROMPT-WINDOW::PROMPT-FOR-AUX)) [cleanup]
17: (LEM/PROMPT-WINDOW::PROMPT-FOR-AUX :PROMPT-STRING "Find File: " :INITIAL-STRING "/home/max/" :PARAMETERS #<LEM/PROMPT-WINDOW::PROMPT-PARAMETERS {10067BAA03}> :BODY-FUNCTION #<FUNCTION LEM/PROMPT-WINDOW::PROMPT-FOR-LINE-COMMAND-LOOP> :SYNTAX-TABLE #S(LEM-BASE:SYNTAX-TABLE :SPACE-CHARS (#\  #\Tab #\Newline) :SYMBOL-CHARS (#\_) :PAREN-PAIRS ((#\( . #\)) (#\[ . #\]) (#\{ . #\})) :STRING-QUOTE-CHARS (#\") :ESCAPE-CHARS (#\\) :FENCE-CHARS NIL :EXPR-PREFIX-CHARS NIL :EXPR-SUFFIX-CHARS NIL :EXPR-PREFIX-FORWARD-FUNCTION NIL :EXPR-PREFIX-BACKWARD-FUNCTION NIL :LINE-COMMENT-STRING NIL :BLOCK-COMMENT-PAIRS NIL ...) :EDIT-CALLBACK NIL :SPECIAL-KEYMAP NIL)
18: (LEM-CORE:PROMPT-FOR-FILE "Find File: " :DIRECTORY "/home/max/" :DEFAULT NIL :EXISTING NIL :GRAVITY NIL)
19: (LEM-CORE/COMMANDS/FILE:FIND-FILE 1)
20: (LEM-CORE:CALL-COMMAND LEM-CORE/COMMANDS/FILE:FIND-FILE NIL)
21: (LEM-CORE::COMMAND-LOOP-BODY)
22: (LEM-CORE:COMMAND-LOOP)
23: (LEM-CORE::TOPLEVEL-COMMAND-LOOP #<FUNCTION (LAMBDA NIL :IN LEM-CORE::RUN-EDITOR-THREAD) {100518031B}>)
24: ((LAMBDA NIL :IN LEM-CORE::RUN-EDITOR-THREAD))
25: ((LAMBDA NIL :IN LEM-CORE::RUN-EDITOR-THREAD))
26: ((LABELS BORDEAUX-THREADS::%BINDING-DEFAULT-SPECIALS-WRAPPER :IN BORDEAUX-THREADS::BINDING-DEFAULT-SPECIALS))
27: ((FLET SB-UNIX::BODY :IN SB-THREAD::RUN))
28: ((FLET "WITHOUT-INTERRUPTS-BODY-174" :IN SB-THREAD::RUN))
29: ((FLET SB-UNIX::BODY :IN SB-THREAD::RUN))
30: ((FLET "WITHOUT-INTERRUPTS-BODY-167" :IN SB-THREAD::RUN))
31: (SB-THREAD::RUN)
32: ("foreign function: call_into_lisp_")

No main thread, did you call SDL_Init?
Backtrace for: #<SB-THREAD:THREAD tid=92228 "editor" RUNNING {10043B0073}>
0: ((LAMBDA NIL :IN UIOP/IMAGE:PRINT-BACKTRACE))
1: ((FLET "THUNK" :IN UIOP/STREAM:CALL-WITH-SAFE-IO-SYNTAX))
2: (SB-IMPL::%WITH-STANDARD-IO-SYNTAX #<FUNCTION (FLET "THUNK" :IN UIOP/STREAM:CALL-WITH-SAFE-IO-SYNTAX) {7F9DB722C5FB}>)
3: (UIOP/STREAM:CALL-WITH-SAFE-IO-SYNTAX #<FUNCTION (LAMBDA NIL :IN UIOP/IMAGE:PRINT-BACKTRACE) {10051261BB}> :PACKAGE :CL)
4: (LEM-CORE::BAILOUT #<SIMPLE-ERROR "No main thread, did you call SDL_Init?" {1005126153}>)
5: (SB-KERNEL::%SIGNAL #<SIMPLE-ERROR "No main thread, did you call SDL_Init?" {1005126153}>)
6: (ERROR "No main thread, did you call SDL_Init?")
7: (LEM-SDL2/DISPLAY::CALL-WITH-RENDERER #<LEM-SDL2/DISPLAY:DISPLAY {1004627B43}> #<FUNCTION (LAMBDA NIL :IN LEM-INTERFACE:DISPLAY-HEIGHT) {100512611B}>)
8: (LEM-SDL2/LOG::CALL-WITH-DEBUG #<FUNCTION (LAMBDA NIL :IN LEM-INTERFACE:DISPLAY-HEIGHT) {52D837AB}> #<FUNCTION (LAMBDA NIL :IN LEM-INTERFACE:DISPLAY-HEIGHT) {52D8365B}>)
9: (LEM-CORE:POP-UP-TYPEOUT-WINDOW #<LEM-BASE:TEXT-BUFFER *EDITOR ERROR* NIL {1007BA78F3}> :FUNCTION #<FUNCTION (LAMBDA (STREAM) :IN LEM-CORE:POP-UP-BACKTRACE) {100510313B}> :ERASE T :READ-ONLY T)
10: ((LAMBDA (CONDITION) :IN LEM-CORE:COMMAND-LOOP) #<SIMPLE-ERROR "No main thread, did you call SDL_Init?" {100501F3B3}>)
11: (SB-KERNEL::%SIGNAL #<SIMPLE-ERROR "No main thread, did you call SDL_Init?" {100501F3B3}>)
12: (ERROR "No main thread, did you call SDL_Init?")
13: (LEM-SDL2/DISPLAY::CALL-WITH-RENDERER #<LEM-SDL2/DISPLAY:DISPLAY {1004627B43}> #<FUNCTION (LAMBDA NIL :IN LEM-INTERFACE:DELETE-VIEW) {100501F37B}>)
14: (LEM-SDL2/LOG::CALL-WITH-DEBUG #<FUNCTION (LAMBDA NIL :IN LEM-INTERFACE:DELETE-VIEW) {52D8543B}> #<FUNCTION (LAMBDA NIL :IN LEM-INTERFACE:DELETE-VIEW) {100501F33B}>)
15: (LEM-CORE:DELETE-WINDOW #<LEM/PROMPT-WINDOW::FLOATING-PROMPT {1004E7C453}>)
16: ((FLET "CLEANUP-FUN-15" :IN LEM/PROMPT-WINDOW::PROMPT-FOR-AUX)) [cleanup]
17: (LEM/PROMPT-WINDOW::PROMPT-FOR-AUX :PROMPT-STRING "Kill buffer: (init.lisp) " :INITIAL-STRING NIL :PARAMETERS #<LEM/PROMPT-WINDOW::PROMPT-PARAMETERS {1004E7BE23}> :BODY-FUNCTION #<FUNCTION LEM/PROMPT-WINDOW::PROMPT-FOR-LINE-COMMAND-LOOP> :SYNTAX-TABLE #S(LEM-BASE:SYNTAX-TABLE :SPACE-CHARS (#\  #\Tab #\Newline #\Page) :SYMBOL-CHARS (#\+ #\- #\< #\> #\/ #\* #\& #\= #\. #\? #\_ #\! ...) :PAREN-PAIRS ((#\( . #\)) (#\[ . #\]) (#\{ . #\})) :STRING-QUOTE-CHARS (#\") :ESCAPE-CHARS (#\\) :FENCE-CHARS (#\|) :EXPR-PREFIX-CHARS (#\' #\, #\@ #\# #\`) :EXPR-SUFFIX-CHARS NIL :EXPR-PREFIX-FORWARD-FUNCTION LEM-LISP-SYNTAX.SYNTAX-TABLE::SKIP-EXPR-PREFIX-FORWARD :EXPR-PREFIX-BACKWARD-FUNCTION LEM-LISP-SYNTAX.SYNTAX-TABLE::SKIP-EXPR-PREFIX-BACKWARD :LINE-COMMENT-STRING ";" :BLOCK-COMMENT-PAIRS (("#|" . "|#")) ...) :EDIT-CALLBACK NIL :SPECIAL-KEYMAP NIL)
18: (LEM-CORE:PROMPT-FOR-BUFFER "Kill buffer: " :DEFAULT "init.lisp" :EXISTING T :GRAVITY NIL)
19: ((:METHOD LEM-CORE:EXECUTE (T LEM-CORE/COMMANDS/WINDOW:KILL-BUFFER T)) #<unused argument> #<unused argument> #<unused argument>) [fast-method]
20: (LEM-CORE:CALL-COMMAND LEM-CORE/COMMANDS/WINDOW:KILL-BUFFER NIL)
21: (LEM-CORE::COMMAND-LOOP-BODY)
22: (LEM-CORE:COMMAND-LOOP)
23: (LEM-CORE::TOPLEVEL-COMMAND-LOOP #<FUNCTION (LAMBDA NIL :IN LEM-CORE::RUN-EDITOR-THREAD) {1005187B8B}>)
24: ((LAMBDA NIL :IN LEM-CORE::RUN-EDITOR-THREAD))
25: ((LAMBDA NIL :IN LEM-CORE::RUN-EDITOR-THREAD))
26: ((LABELS BORDEAUX-THREADS::%BINDING-DEFAULT-SPECIALS-WRAPPER :IN BORDEAUX-THREADS::BINDING-DEFAULT-SPECIALS))
27: ((FLET SB-UNIX::BODY :IN SB-THREAD::RUN))
28: ((FLET "WITHOUT-INTERRUPTS-BODY-174" :IN SB-THREAD::RUN))
29: ((FLET SB-UNIX::BODY :IN SB-THREAD::RUN))
30: ((FLET "WITHOUT-INTERRUPTS-BODY-167" :IN SB-THREAD::RUN))
31: (SB-THREAD::RUN)
32: ("foreign function: call_into_lisp_")

No main thread, did you call SDL_Init?
Backtrace for: #<SB-THREAD:THREAD tid=96707 "editor" RUNNING {10043B02A3}>
0: ((LAMBDA NIL :IN UIOP/IMAGE:PRINT-BACKTRACE))
1: ((FLET "THUNK" :IN UIOP/STREAM:CALL-WITH-SAFE-IO-SYNTAX))
2: (SB-IMPL::%WITH-STANDARD-IO-SYNTAX #<FUNCTION (FLET "THUNK" :IN UIOP/STREAM:CALL-WITH-SAFE-IO-SYNTAX) {7F3CFC9AC67B}>)
3: (UIOP/STREAM:CALL-WITH-SAFE-IO-SYNTAX #<FUNCTION (LAMBDA NIL :IN UIOP/IMAGE:PRINT-BACKTRACE) {1005BCFCCB}> :PACKAGE :CL)
4: (LEM-CORE::BAILOUT #<SIMPLE-ERROR "No main thread, did you call SDL_Init?" {1005BCFC63}>)
5: (SB-KERNEL::%SIGNAL #<SIMPLE-ERROR "No main thread, did you call SDL_Init?" {1005BCFC63}>)
6: (ERROR "No main thread, did you call SDL_Init?")
7: (LEM-SDL2/DISPLAY::CALL-WITH-RENDERER #<LEM-SDL2/DISPLAY:DISPLAY {1004627B43}> #<FUNCTION (LAMBDA NIL :IN LEM-INTERFACE:DISPLAY-HEIGHT) {1005BCFC2B}>)
8: (LEM-SDL2/LOG::CALL-WITH-DEBUG #<FUNCTION (LAMBDA NIL :IN LEM-INTERFACE:DISPLAY-HEIGHT) {52D837AB}> #<FUNCTION (LAMBDA NIL :IN LEM-INTERFACE:DISPLAY-HEIGHT) {52D8365B}>)
9: (LEM-CORE:POP-UP-TYPEOUT-WINDOW #<LEM-BASE:TEXT-BUFFER *EDITOR ERROR* NIL {1005B95FA3}> :FUNCTION #<FUNCTION (LAMBDA (STREAM) :IN LEM-CORE:POP-UP-BACKTRACE) {1005BC2F2B}> :ERASE T :READ-ONLY T)
10: ((LAMBDA (CONDITION) :IN LEM-CORE:COMMAND-LOOP) #<SIMPLE-ERROR "No main thread, did you call SDL_Init?" {1005B16E53}>)
11: (SB-KERNEL::%SIGNAL #<SIMPLE-ERROR "No main thread, did you call SDL_Init?" {1005B16E53}>)
12: (ERROR "No main thread, did you call SDL_Init?")
13: (LEM-SDL2/DISPLAY::CALL-WITH-RENDERER #<LEM-SDL2/DISPLAY:DISPLAY {1004627B43}> #<FUNCTION (LAMBDA NIL :IN LEM-INTERFACE:DELETE-VIEW) {1005B16E1B}>)
14: (LEM-SDL2/LOG::CALL-WITH-DEBUG #<FUNCTION (LAMBDA NIL :IN LEM-INTERFACE:DELETE-VIEW) {52D8543B}> #<FUNCTION (LAMBDA NIL :IN LEM-INTERFACE:DELETE-VIEW) {1005B16DDB}>)
15: (LEM-CORE:DELETE-WINDOW #<LEM/PROMPT-WINDOW::FLOATING-PROMPT {1005803943}>)
16: ((FLET "CLEANUP-FUN-15" :IN LEM/PROMPT-WINDOW::PROMPT-FOR-AUX)) [cleanup]
17: (LEM/PROMPT-WINDOW::PROMPT-FOR-AUX :PROMPT-STRING "M-x " :INITIAL-STRING NIL :PARAMETERS #<LEM/PROMPT-WINDOW::PROMPT-PARAMETERS {1005803313}> :BODY-FUNCTION #<FUNCTION LEM/PROMPT-WINDOW::PROMPT-FOR-LINE-COMMAND-LOOP> :SYNTAX-TABLE #S(LEM-BASE:SYNTAX-TABLE :SPACE-CHARS (#\  #\Tab #\Newline #\Page) :SYMBOL-CHARS (#\+ #\- #\< #\> #\/ #\* #\& #\= #\. #\? #\_ #\! ...) :PAREN-PAIRS ((#\( . #\)) (#\[ . #\]) (#\{ . #\})) :STRING-QUOTE-CHARS (#\") :ESCAPE-CHARS (#\\) :FENCE-CHARS (#\|) :EXPR-PREFIX-CHARS (#\' #\, #\@ #\# #\`) :EXPR-SUFFIX-CHARS NIL :EXPR-PREFIX-FORWARD-FUNCTION LEM-LISP-SYNTAX.SYNTAX-TABLE::SKIP-EXPR-PREFIX-FORWARD :EXPR-PREFIX-BACKWARD-FUNCTION LEM-LISP-SYNTAX.SYNTAX-TABLE::SKIP-EXPR-PREFIX-BACKWARD :LINE-COMMENT-STRING ";" :BLOCK-COMMENT-PAIRS (("#|" . "|#")) ...) :EDIT-CALLBACK NIL :SPECIAL-KEYMAP NIL)
18: (LEM-CORE/COMMANDS/OTHER:EXECUTE-COMMAND NIL)
19: (LEM-CORE:CALL-COMMAND LEM-CORE/COMMANDS/OTHER:EXECUTE-COMMAND NIL)
20: (LEM-CORE::COMMAND-LOOP-BODY)
21: (LEM-CORE:COMMAND-LOOP)
22: (LEM-CORE::TOPLEVEL-COMMAND-LOOP #<FUNCTION (LAMBDA NIL :IN LEM-CORE::RUN-EDITOR-THREAD) {1005187B8B}>)
23: ((LAMBDA NIL :IN LEM-CORE::RUN-EDITOR-THREAD))
24: ((LAMBDA NIL :IN LEM-CORE::RUN-EDITOR-THREAD))
25: ((LABELS BORDEAUX-THREADS::%BINDING-DEFAULT-SPECIALS-WRAPPER :IN BORDEAUX-THREADS::BINDING-DEFAULT-SPECIALS))
26: ((FLET SB-UNIX::BODY :IN SB-THREAD::RUN))
27: ((FLET "WITHOUT-INTERRUPTS-BODY-174" :IN SB-THREAD::RUN))
28: ((FLET SB-UNIX::BODY :IN SB-THREAD::RUN))
29: ((FLET "WITHOUT-INTERRUPTS-BODY-167" :IN SB-THREAD::RUN))
30: (SB-THREAD::RUN)
31: ("foreign function: call_into_lisp_")

No main thread, did you call SDL_Init?
Backtrace for: #<SB-THREAD:THREAD tid=107417 "editor" RUNNING {10075D8073}>
0: ((LAMBDA NIL :IN UIOP/IMAGE:PRINT-BACKTRACE))
1: ((FLET "THUNK" :IN UIOP/STREAM:CALL-WITH-SAFE-IO-SYNTAX))
2: (SB-IMPL::%WITH-STANDARD-IO-SYNTAX #<FUNCTION (FLET "THUNK" :IN UIOP/STREAM:CALL-WITH-SAFE-IO-SYNTAX) {7F87B29AC5BB}>)
3: (UIOP/STREAM:CALL-WITH-SAFE-IO-SYNTAX #<FUNCTION (LAMBDA NIL :IN UIOP/IMAGE:PRINT-BACKTRACE) {1006A806FB}> :PACKAGE :CL)
4: (LEM-CORE::BAILOUT #<SIMPLE-ERROR "No main thread, did you call SDL_Init?" {1006A80693}>)
5: (SB-KERNEL::%SIGNAL #<SIMPLE-ERROR "No main thread, did you call SDL_Init?" {1006A80693}>)
6: (ERROR "No main thread, did you call SDL_Init?")
7: (LEM-SDL2/DISPLAY::CALL-WITH-RENDERER #<LEM-SDL2/DISPLAY:DISPLAY {10045C7B03}> #<FUNCTION (LAMBDA NIL :IN LEM-INTERFACE:DISPLAY-HEIGHT) {1006A8065B}>)
8: (LEM-SDL2/LOG::CALL-WITH-DEBUG #<FUNCTION (LAMBDA NIL :IN LEM-INTERFACE:DISPLAY-HEIGHT) {52D6958B}> #<FUNCTION (LAMBDA NIL :IN LEM-INTERFACE:DISPLAY-HEIGHT) {52D6943B}>)
9: (LEM-CORE:POP-UP-TYPEOUT-WINDOW #<LEM-BASE:TEXT-BUFFER *EDITOR ERROR* NIL {1006A37313}> :FUNCTION #<FUNCTION (LAMBDA (STREAM) :IN LEM-CORE:POP-UP-BACKTRACE) {1006A7310B}> :ERASE T :READ-ONLY T)
10: ((LAMBDA (CONDITION) :IN LEM-CORE:COMMAND-LOOP) #<SIMPLE-ERROR "No main thread, did you call SDL_Init?" {1006917F33}>)
11: (SB-KERNEL::%SIGNAL #<SIMPLE-ERROR "No main thread, did you call SDL_Init?" {1006917F33}>)
12: (ERROR "No main thread, did you call SDL_Init?")
13: (LEM-SDL2/DISPLAY::CALL-WITH-RENDERER #<LEM-SDL2/DISPLAY:DISPLAY {10045C7B03}> #<FUNCTION (LAMBDA NIL :IN LEM-INTERFACE:DELETE-VIEW) {1006917EFB}>)
14: (LEM-SDL2/LOG::CALL-WITH-DEBUG #<FUNCTION (LAMBDA NIL :IN LEM-INTERFACE:DELETE-VIEW) {52D6B21B}> #<FUNCTION (LAMBDA NIL :IN LEM-INTERFACE:DELETE-VIEW) {1006917EBB}>)
15: (LEM-CORE:DELETE-WINDOW #<LEM/PROMPT-WINDOW::FLOATING-PROMPT {10064B8463}>)
16: ((FLET "CLEANUP-FUN-15" :IN LEM/PROMPT-WINDOW::PROMPT-FOR-AUX)) [cleanup]
17: (LEM/PROMPT-WINDOW::PROMPT-FOR-AUX :PROMPT-STRING "Find File: " :INITIAL-STRING "/home/max/.lem/" :PARAMETERS #<LEM/PROMPT-WINDOW::PROMPT-PARAMETERS {10061E7A33}> :BODY-FUNCTION #<FUNCTION LEM/PROMPT-WINDOW::PROMPT-FOR-LINE-COMMAND-LOOP> :SYNTAX-TABLE #S(LEM-BASE:SYNTAX-TABLE :SPACE-CHARS (#\  #\Tab #\Newline #\Page) :SYMBOL-CHARS (#\+ #\- #\< #\> #\/ #\* #\& #\= #\. #\? #\_ #\! ...) :PAREN-PAIRS ((#\( . #\)) (#\[ . #\]) (#\{ . #\})) :STRING-QUOTE-CHARS (#\") :ESCAPE-CHARS (#\\) :FENCE-CHARS (#\|) :EXPR-PREFIX-CHARS (#\' #\, #\@ #\# #\`) :EXPR-SUFFIX-CHARS NIL :EXPR-PREFIX-FORWARD-FUNCTION LEM-LISP-SYNTAX.SYNTAX-TABLE::SKIP-EXPR-PREFIX-FORWARD :EXPR-PREFIX-BACKWARD-FUNCTION LEM-LISP-SYNTAX.SYNTAX-TABLE::SKIP-EXPR-PREFIX-BACKWARD :LINE-COMMENT-STRING ";" :BLOCK-COMMENT-PAIRS (("#|" . "|#")) ...) :EDIT-CALLBACK NIL :SPECIAL-KEYMAP NIL)
18: (LEM-CORE:PROMPT-FOR-FILE "Find File: " :DIRECTORY "/home/max/.lem/" :DEFAULT NIL :EXISTING NIL :GRAVITY NIL)
19: (LEM-CORE/COMMANDS/FILE:FIND-FILE 1)
20: (LEM-CORE:CALL-COMMAND LEM-CORE/COMMANDS/FILE:FIND-FILE NIL)
21: (LEM-CORE::COMMAND-LOOP-BODY)
22: (LEM-CORE:COMMAND-LOOP)
23: (LEM-CORE::TOPLEVEL-COMMAND-LOOP #<FUNCTION (LAMBDA NIL :IN LEM-CORE::RUN-EDITOR-THREAD) {1005210FFB}>)
24: ((LAMBDA NIL :IN LEM-CORE::RUN-EDITOR-THREAD))
25: ((LAMBDA NIL :IN LEM-CORE::RUN-EDITOR-THREAD))
26: ((LABELS BORDEAUX-THREADS::%BINDING-DEFAULT-SPECIALS-WRAPPER :IN BORDEAUX-THREADS::BINDING-DEFAULT-SPECIALS))
27: ((FLET SB-UNIX::BODY :IN SB-THREAD::RUN))
28: ((FLET "WITHOUT-INTERRUPTS-BODY-174" :IN SB-THREAD::RUN))
29: ((FLET SB-UNIX::BODY :IN SB-THREAD::RUN))
30: ((FLET "WITHOUT-INTERRUPTS-BODY-167" :IN SB-THREAD::RUN))
31: (SB-THREAD::RUN)
32: ("foreign function: call_into_lisp_")

